nohup: ignoring input
================================================================================
AUTONOMOUS DEFENSE SYSTEM - DEMONSTRATION
================================================================================

SIMULATING SECURITY EVENTS...
  Collected 4 events

GENERATED 4 HANCOCK TRAINING RECORDS
Saved to: data/hancock/autonomous/autonomous_20260427_233021.jsonl
Enriched: data/hancock/autonomous/autonomous_20260427_233021_enriched.jsonl

QUALITY SCORE: 49.25
================================================================================
AUTONOMOUS DEFENSE COMPLETE - READY FOR HANCOCK!
================================================================================
================================================================================
AUTONOMOUS DEFENSE SYSTEM - DEMONSTRATION
================================================================================

SIMULATING SECURITY EVENTS...
  Collected 4 events

GENERATED 4 HANCOCK TRAINING RECORDS
Saved to: data/hancock/autonomous/autonomous_20260427_233521.jsonl
Enriched: data/hancock/autonomous/autonomous_20260427_233521_enriched.jsonl

QUALITY SCORE: 49.25
================================================================================
AUTONOMOUS DEFENSE COMPLETE - READY FOR HANCOCK!
================================================================================
================================================================================
AUTONOMOUS DEFENSE SYSTEM - DEMONSTRATION
================================================================================

SIMULATING SECURITY EVENTS...
  Collected 4 events

GENERATED 4 HANCOCK TRAINING RECORDS
Saved to: data/hancock/autonomous/autonomous_20260427_234021.jsonl
Enriched: data/hancock/autonomous/autonomous_20260427_234021_enriched.jsonl

QUALITY SCORE: 49.25
================================================================================
AUTONOMOUS DEFENSE COMPLETE - READY FOR HANCOCK!
================================================================================
================================================================================
AUTONOMOUS DEFENSE SYSTEM - DEMONSTRATION
================================================================================

SIMULATING SECURITY EVENTS...
  Collected 4 events

GENERATED 4 HANCOCK TRAINING RECORDS
Saved to: data/hancock/autonomous/autonomous_20260427_234521.jsonl
Enriched: data/hancock/autonomous/autonomous_20260427_234521_enriched.jsonl

QUALITY SCORE: 49.25
================================================================================
AUTONOMOUS DEFENSE COMPLETE - READY FOR HANCOCK!
================================================================================
================================================================================
AUTONOMOUS DEFENSE SYSTEM - DEMONSTRATION
================================================================================

SIMULATING SECURITY EVENTS...
  Collected 4 events

GENERATED 4 HANCOCK TRAINING RECORDS
Saved to: data/hancock/autonomous/autonomous_20260427_235021.jsonl
Enriched: data/hancock/autonomous/autonomous_20260427_235021_enriched.jsonl

QUALITY SCORE: 49.25
================================================================================
AUTONOMOUS DEFENSE COMPLETE - READY FOR HANCOCK!
================================================================================
================================================================================
AUTONOMOUS DEFENSE SYSTEM - DEMONSTRATION
================================================================================

SIMULATING SECURITY EVENTS...
  Collected 4 events

GENERATED 4 HANCOCK TRAINING RECORDS
Saved to: data/hancock/autonomous/autonomous_20260427_235521.jsonl
Enriched: data/hancock/autonomous/autonomous_20260427_235521_enriched.jsonl

QUALITY SCORE: 49.25
================================================================================
AUTONOMOUS DEFENSE COMPLETE - READY FOR HANCOCK!
================================================================================
================================================================================
AUTONOMOUS DEFENSE SYSTEM - DEMONSTRATION
================================================================================

SIMULATING SECURITY EVENTS...
  Collected 4 events

GENERATED 4 HANCOCK TRAINING RECORDS
Saved to: data/hancock/autonomous/autonomous_20260428_000021.jsonl
Enriched: data/hancock/autonomous/autonomous_20260428_000021_enriched.jsonl

QUALITY SCORE: 49.25
================================================================================
AUTONOMOUS DEFENSE COMPLETE - READY FOR HANCOCK!
================================================================================
================================================================================
AUTONOMOUS DEFENSE SYSTEM - DEMONSTRATION
================================================================================

SIMULATING SECURITY EVENTS...
  Collected 4 events

GENERATED 4 HANCOCK TRAINING RECORDS
Saved to: data/hancock/autonomous/autonomous_20260428_000522.jsonl
Enriched: data/hancock/autonomous/autonomous_20260428_000522_enriched.jsonl

QUALITY SCORE: 49.25
================================================================================
AUTONOMOUS DEFENSE COMPLETE - READY FOR HANCOCK!
================================================================================
================================================================================
AUTONOMOUS DEFENSE SYSTEM - DEMONSTRATION
================================================================================

SIMULATING SECURITY EVENTS...
  Collected 4 events

GENERATED 4 HANCOCK TRAINING RECORDS
Saved to: data/hancock/autonomous/autonomous_20260428_001022.jsonl
Enriched: data/hancock/autonomous/autonomous_20260428_001022_enriched.jsonl

QUALITY SCORE: 49.25
================================================================================
AUTONOMOUS DEFENSE COMPLETE - READY FOR HANCOCK!
================================================================================
================================================================================
AUTONOMOUS DEFENSE SYSTEM - DEMONSTRATION
================================================================================

SIMULATING SECURITY EVENTS...
  Collected 4 events

GENERATED 4 HANCOCK TRAINING RECORDS
Saved to: data/hancock/autonomous/autonomous_20260428_001522.jsonl
Enriched: data/hancock/autonomous/autonomous_20260428_001522_enriched.jsonl

QUALITY SCORE: 49.25
================================================================================
AUTONOMOUS DEFENSE COMPLETE - READY FOR HANCOCK!
================================================================================
================================================================================
AUTONOMOUS DEFENSE SYSTEM - DEMONSTRATION
================================================================================

SIMULATING SECURITY EVENTS...
  Collected 4 events

GENERATED 4 HANCOCK TRAINING RECORDS
Saved to: data/hancock/autonomous/autonomous_20260428_002022.jsonl
Enriched: data/hancock/autonomous/autonomous_20260428_002022_enriched.jsonl

QUALITY SCORE: 49.25
================================================================================
AUTONOMOUS DEFENSE COMPLETE - READY FOR HANCOCK!
================================================================================
================================================================================
AUTONOMOUS DEFENSE SYSTEM - DEMONSTRATION
================================================================================

SIMULATING SECURITY EVENTS...
  Collected 4 events

GENERATED 4 HANCOCK TRAINING RECORDS
Saved to: data/hancock/autonomous/autonomous_20260428_002522.jsonl
Enriched: data/hancock/autonomous/autonomous_20260428_002522_enriched.jsonl

QUALITY SCORE: 49.25
================================================================================
AUTONOMOUS DEFENSE COMPLETE - READY FOR HANCOCK!
================================================================================
================================================================================
AUTONOMOUS DEFENSE SYSTEM - DEMONSTRATION
================================================================================

SIMULATING SECURITY EVENTS...
  Collected 4 events

GENERATED 4 HANCOCK TRAINING RECORDS
Saved to: data/hancock/autonomous/autonomous_20260428_003022.jsonl
Enriched: data/hancock/autonomous/autonomous_20260428_003022_enriched.jsonl

QUALITY SCORE: 49.25
================================================================================
AUTONOMOUS DEFENSE COMPLETE - READY FOR HANCOCK!
================================================================================
================================================================================
AUTONOMOUS DEFENSE SYSTEM - DEMONSTRATION
================================================================================

SIMULATING SECURITY EVENTS...
  Collected 4 events

GENERATED 4 HANCOCK TRAINING RECORDS
Saved to: data/hancock/autonomous/autonomous_20260428_003522.jsonl
Enriched: data/hancock/autonomous/autonomous_20260428_003522_enriched.jsonl

QUALITY SCORE: 49.25
================================================================================
AUTONOMOUS DEFENSE COMPLETE - READY FOR HANCOCK!
================================================================================
================================================================================
AUTONOMOUS DEFENSE SYSTEM - DEMONSTRATION
================================================================================

SIMULATING SECURITY EVENTS...
  Collected 4 events

GENERATED 4 HANCOCK TRAINING RECORDS
Saved to: data/hancock/autonomous/autonomous_20260428_004022.jsonl
Enriched: data/hancock/autonomous/autonomous_20260428_004022_enriched.jsonl

QUALITY SCORE: 49.25
================================================================================
AUTONOMOUS DEFENSE COMPLETE - READY FOR HANCOCK!
================================================================================
================================================================================
AUTONOMOUS DEFENSE SYSTEM - DEMONSTRATION
================================================================================

SIMULATING SECURITY EVENTS...
  Collected 4 events

GENERATED 4 HANCOCK TRAINING RECORDS
Saved to: data/hancock/autonomous/autonomous_20260428_004522.jsonl
Enriched: data/hancock/autonomous/autonomous_20260428_004522_enriched.jsonl

QUALITY SCORE: 49.25
================================================================================
AUTONOMOUS DEFENSE COMPLETE - READY FOR HANCOCK!
================================================================================
================================================================================
AUTONOMOUS DEFENSE SYSTEM - DEMONSTRATION
================================================================================

SIMULATING SECURITY EVENTS...
  Collected 4 events

GENERATED 4 HANCOCK TRAINING RECORDS
Saved to: data/hancock/autonomous/autonomous_20260428_005022.jsonl
Enriched: data/hancock/autonomous/autonomous_20260428_005022_enriched.jsonl

QUALITY SCORE: 49.25
================================================================================
AUTONOMOUS DEFENSE COMPLETE - READY FOR HANCOCK!
================================================================================
================================================================================
AUTONOMOUS DEFENSE SYSTEM - DEMONSTRATION
================================================================================

SIMULATING SECURITY EVENTS...
  Collected 4 events

GENERATED 4 HANCOCK TRAINING RECORDS
Saved to: data/hancock/autonomous/autonomous_20260428_005522.jsonl
Enriched: data/hancock/autonomous/autonomous_20260428_005522_enriched.jsonl

QUALITY SCORE: 49.25
================================================================================
AUTONOMOUS DEFENSE COMPLETE - READY FOR HANCOCK!
================================================================================
================================================================================
AUTONOMOUS DEFENSE SYSTEM - DEMONSTRATION
================================================================================

SIMULATING SECURITY EVENTS...
  Collected 4 events

GENERATED 4 HANCOCK TRAINING RECORDS
Saved to: data/hancock/autonomous/autonomous_20260428_010022.jsonl
Enriched: data/hancock/autonomous/autonomous_20260428_010022_enriched.jsonl

QUALITY SCORE: 49.25
================================================================================
AUTONOMOUS DEFENSE COMPLETE - READY FOR HANCOCK!
================================================================================
================================================================================
AUTONOMOUS DEFENSE SYSTEM - DEMONSTRATION
================================================================================

SIMULATING SECURITY EVENTS...
  Collected 4 events

GENERATED 4 HANCOCK TRAINING RECORDS
Saved to: data/hancock/autonomous/autonomous_20260428_010522.jsonl
Enriched: data/hancock/autonomous/autonomous_20260428_010522_enriched.jsonl

QUALITY SCORE: 49.25
================================================================================
AUTONOMOUS DEFENSE COMPLETE - READY FOR HANCOCK!
================================================================================
================================================================================
AUTONOMOUS DEFENSE SYSTEM - DEMONSTRATION
================================================================================

SIMULATING SECURITY EVENTS...
  Collected 4 events

GENERATED 4 HANCOCK TRAINING RECORDS
Saved to: data/hancock/autonomous/autonomous_20260428_011022.jsonl
Enriched: data/hancock/autonomous/autonomous_20260428_011022_enriched.jsonl

QUALITY SCORE: 49.25
================================================================================
AUTONOMOUS DEFENSE COMPLETE - READY FOR HANCOCK!
================================================================================
================================================================================
AUTONOMOUS DEFENSE SYSTEM - DEMONSTRATION
================================================================================

SIMULATING SECURITY EVENTS...
  Collected 4 events

GENERATED 4 HANCOCK TRAINING RECORDS
Saved to: data/hancock/autonomous/autonomous_20260428_011522.jsonl
Enriched: data/hancock/autonomous/autonomous_20260428_011522_enriched.jsonl

QUALITY SCORE: 49.25
================================================================================
AUTONOMOUS DEFENSE COMPLETE - READY FOR HANCOCK!
================================================================================
================================================================================
AUTONOMOUS DEFENSE SYSTEM - DEMONSTRATION
================================================================================

SIMULATING SECURITY EVENTS...
  Collected 4 events

GENERATED 4 HANCOCK TRAINING RECORDS
Saved to: data/hancock/autonomous/autonomous_20260428_012022.jsonl
Enriched: data/hancock/autonomous/autonomous_20260428_012022_enriched.jsonl

QUALITY SCORE: 49.25
================================================================================
AUTONOMOUS DEFENSE COMPLETE - READY FOR HANCOCK!
================================================================================
================================================================================
AUTONOMOUS DEFENSE SYSTEM - DEMONSTRATION
================================================================================

SIMULATING SECURITY EVENTS...
  Collected 4 events

GENERATED 4 HANCOCK TRAINING RECORDS
Saved to: data/hancock/autonomous/autonomous_20260428_012522.jsonl
Enriched: data/hancock/autonomous/autonomous_20260428_012522_enriched.jsonl

QUALITY SCORE: 49.25
================================================================================
AUTONOMOUS DEFENSE COMPLETE - READY FOR HANCOCK!
================================================================================
================================================================================
AUTONOMOUS DEFENSE SYSTEM - DEMONSTRATION
================================================================================

SIMULATING SECURITY EVENTS...
  Collected 4 events

GENERATED 4 HANCOCK TRAINING RECORDS
Saved to: data/hancock/autonomous/autonomous_20260428_013022.jsonl
Enriched: data/hancock/autonomous/autonomous_20260428_013022_enriched.jsonl

QUALITY SCORE: 49.25
================================================================================
AUTONOMOUS DEFENSE COMPLETE - READY FOR HANCOCK!
================================================================================
================================================================================
AUTONOMOUS DEFENSE SYSTEM - DEMONSTRATION
================================================================================

SIMULATING SECURITY EVENTS...
  Collected 4 events

GENERATED 4 HANCOCK TRAINING RECORDS
Saved to: data/hancock/autonomous/autonomous_20260428_013522.jsonl
Enriched: data/hancock/autonomous/autonomous_20260428_013522_enriched.jsonl

QUALITY SCORE: 49.25
================================================================================
AUTONOMOUS DEFENSE COMPLETE - READY FOR HANCOCK!
================================================================================
================================================================================
AUTONOMOUS DEFENSE SYSTEM - DEMONSTRATION
================================================================================

SIMULATING SECURITY EVENTS...
  Collected 4 events

GENERATED 4 HANCOCK TRAINING RECORDS
Saved to: data/hancock/autonomous/autonomous_20260428_014022.jsonl
Enriched: data/hancock/autonomous/autonomous_20260428_014022_enriched.jsonl

QUALITY SCORE: 49.25
================================================================================
AUTONOMOUS DEFENSE COMPLETE - READY FOR HANCOCK!
================================================================================
================================================================================
AUTONOMOUS DEFENSE SYSTEM - DEMONSTRATION
================================================================================

SIMULATING SECURITY EVENTS...
  Collected 4 events

GENERATED 4 HANCOCK TRAINING RECORDS
Saved to: data/hancock/autonomous/autonomous_20260428_014522.jsonl
Enriched: data/hancock/autonomous/autonomous_20260428_014522_enriched.jsonl

QUALITY SCORE: 49.25
================================================================================
AUTONOMOUS DEFENSE COMPLETE - READY FOR HANCOCK!
================================================================================
================================================================================
AUTONOMOUS DEFENSE SYSTEM - DEMONSTRATION
================================================================================

SIMULATING SECURITY EVENTS...
  Collected 4 events

GENERATED 4 HANCOCK TRAINING RECORDS
Saved to: data/hancock/autonomous/autonomous_20260428_015022.jsonl
Enriched: data/hancock/autonomous/autonomous_20260428_015022_enriched.jsonl

QUALITY SCORE: 49.25
================================================================================
AUTONOMOUS DEFENSE COMPLETE - READY FOR HANCOCK!
================================================================================
================================================================================
AUTONOMOUS DEFENSE SYSTEM - DEMONSTRATION
================================================================================

SIMULATING SECURITY EVENTS...
  Collected 4 events

GENERATED 4 HANCOCK TRAINING RECORDS
Saved to: data/hancock/autonomous/autonomous_20260428_015522.jsonl
Enriched: data/hancock/autonomous/autonomous_20260428_015522_enriched.jsonl

QUALITY SCORE: 49.25
================================================================================
AUTONOMOUS DEFENSE COMPLETE - READY FOR HANCOCK!
================================================================================
================================================================================
AUTONOMOUS DEFENSE SYSTEM - DEMONSTRATION
================================================================================

SIMULATING SECURITY EVENTS...
  Collected 4 events

GENERATED 4 HANCOCK TRAINING RECORDS
Saved to: data/hancock/autonomous/autonomous_20260428_020022.jsonl
Enriched: data/hancock/autonomous/autonomous_20260428_020022_enriched.jsonl

QUALITY SCORE: 49.25
================================================================================
AUTONOMOUS DEFENSE COMPLETE - READY FOR HANCOCK!
================================================================================
================================================================================
AUTONOMOUS DEFENSE SYSTEM - DEMONSTRATION
================================================================================

SIMULATING SECURITY EVENTS...
  Collected 4 events

GENERATED 4 HANCOCK TRAINING RECORDS
Saved to: data/hancock/autonomous/autonomous_20260428_020522.jsonl
Enriched: data/hancock/autonomous/autonomous_20260428_020522_enriched.jsonl

QUALITY SCORE: 49.25
================================================================================
AUTONOMOUS DEFENSE COMPLETE - READY FOR HANCOCK!
================================================================================
================================================================================
AUTONOMOUS DEFENSE SYSTEM - DEMONSTRATION
================================================================================

SIMULATING SECURITY EVENTS...
  Collected 4 events

GENERATED 4 HANCOCK TRAINING RECORDS
Saved to: data/hancock/autonomous/autonomous_20260428_021022.jsonl
Enriched: data/hancock/autonomous/autonomous_20260428_021022_enriched.jsonl

QUALITY SCORE: 49.25
================================================================================
AUTONOMOUS DEFENSE COMPLETE - READY FOR HANCOCK!
================================================================================
================================================================================
AUTONOMOUS DEFENSE SYSTEM - DEMONSTRATION
================================================================================

SIMULATING SECURITY EVENTS...
  Collected 4 events

GENERATED 4 HANCOCK TRAINING RECORDS
Saved to: data/hancock/autonomous/autonomous_20260428_021522.jsonl
Enriched: data/hancock/autonomous/autonomous_20260428_021522_enriched.jsonl

QUALITY SCORE: 49.25
================================================================================
AUTONOMOUS DEFENSE COMPLETE - READY FOR HANCOCK!
================================================================================
================================================================================
AUTONOMOUS DEFENSE SYSTEM - DEMONSTRATION
================================================================================

SIMULATING SECURITY EVENTS...
  Collected 4 events

GENERATED 4 HANCOCK TRAINING RECORDS
Saved to: data/hancock/autonomous/autonomous_20260428_022022.jsonl
Enriched: data/hancock/autonomous/autonomous_20260428_022022_enriched.jsonl

QUALITY SCORE: 49.25
================================================================================
AUTONOMOUS DEFENSE COMPLETE - READY FOR HANCOCK!
================================================================================
================================================================================
AUTONOMOUS DEFENSE SYSTEM - DEMONSTRATION
================================================================================

SIMULATING SECURITY EVENTS...
  Collected 4 events

GENERATED 4 HANCOCK TRAINING RECORDS
Saved to: data/hancock/autonomous/autonomous_20260428_022522.jsonl
Enriched: data/hancock/autonomous/autonomous_20260428_022522_enriched.jsonl

QUALITY SCORE: 49.25
================================================================================
AUTONOMOUS DEFENSE COMPLETE - READY FOR HANCOCK!
================================================================================
================================================================================
AUTONOMOUS DEFENSE SYSTEM - DEMONSTRATION
================================================================================

SIMULATING SECURITY EVENTS...
  Collected 4 events

GENERATED 4 HANCOCK TRAINING RECORDS
Saved to: data/hancock/autonomous/autonomous_20260428_023022.jsonl
Enriched: data/hancock/autonomous/autonomous_20260428_023022_enriched.jsonl

QUALITY SCORE: 49.25
================================================================================
AUTONOMOUS DEFENSE COMPLETE - READY FOR HANCOCK!
================================================================================
================================================================================
AUTONOMOUS DEFENSE SYSTEM - DEMONSTRATION
================================================================================

SIMULATING SECURITY EVENTS...
  Collected 4 events

GENERATED 4 HANCOCK TRAINING RECORDS
Saved to: data/hancock/autonomous/autonomous_20260428_020146.jsonl
Enriched: data/hancock/autonomous/autonomous_20260428_020146_enriched.jsonl

QUALITY SCORE: 49.25
================================================================================
AUTONOMOUS DEFENSE COMPLETE - READY FOR HANCOCK!
================================================================================
================================================================================
AUTONOMOUS DEFENSE SYSTEM - DEMONSTRATION
================================================================================

SIMULATING SECURITY EVENTS...
  Collected 4 events

GENERATED 4 HANCOCK TRAINING RECORDS
Saved to: data/hancock/autonomous/autonomous_20260428_020646.jsonl
Enriched: data/hancock/autonomous/autonomous_20260428_020646_enriched.jsonl

QUALITY SCORE: 49.25
================================================================================
AUTONOMOUS DEFENSE COMPLETE - READY FOR HANCOCK!
================================================================================
================================================================================
AUTONOMOUS DEFENSE SYSTEM - DEMONSTRATION
================================================================================

SIMULATING SECURITY EVENTS...
  Collected 4 events

GENERATED 4 HANCOCK TRAINING RECORDS
Saved to: data/hancock/autonomous/autonomous_20260428_021146.jsonl
Enriched: data/hancock/autonomous/autonomous_20260428_021146_enriched.jsonl

QUALITY SCORE: 49.25
================================================================================
AUTONOMOUS DEFENSE COMPLETE - READY FOR HANCOCK!
================================================================================
================================================================================
AUTONOMOUS DEFENSE SYSTEM - DEMONSTRATION
================================================================================

SIMULATING SECURITY EVENTS...
  Collected 4 events

GENERATED 4 HANCOCK TRAINING RECORDS
Saved to: data/hancock/autonomous/autonomous_20260428_021646.jsonl
Enriched: data/hancock/autonomous/autonomous_20260428_021646_enriched.jsonl

QUALITY SCORE: 49.25
================================================================================
AUTONOMOUS DEFENSE COMPLETE - READY FOR HANCOCK!
================================================================================
================================================================================
AUTONOMOUS DEFENSE SYSTEM - DEMONSTRATION
================================================================================

SIMULATING SECURITY EVENTS...
  Collected 4 events

GENERATED 4 HANCOCK TRAINING RECORDS
Saved to: data/hancock/autonomous/autonomous_20260428_022146.jsonl
Enriched: data/hancock/autonomous/autonomous_20260428_022146_enriched.jsonl

QUALITY SCORE: 49.25
================================================================================
AUTONOMOUS DEFENSE COMPLETE - READY FOR HANCOCK!
================================================================================
================================================================================
AUTONOMOUS DEFENSE SYSTEM - DEMONSTRATION
================================================================================

SIMULATING SECURITY EVENTS...
  Collected 4 events

GENERATED 4 HANCOCK TRAINING RECORDS
Saved to: data/hancock/autonomous/autonomous_20260428_022646.jsonl
Enriched: data/hancock/autonomous/autonomous_20260428_022646_enriched.jsonl

QUALITY SCORE: 49.25
================================================================================
AUTONOMOUS DEFENSE COMPLETE - READY FOR HANCOCK!
================================================================================
================================================================================
AUTONOMOUS DEFENSE SYSTEM - DEMONSTRATION
================================================================================

SIMULATING SECURITY EVENTS...
  Collected 4 events

GENERATED 4 HANCOCK TRAINING RECORDS
Saved to: data/hancock/autonomous/autonomous_20260428_023146.jsonl
Enriched: data/hancock/autonomous/autonomous_20260428_023146_enriched.jsonl

QUALITY SCORE: 49.25
================================================================================
AUTONOMOUS DEFENSE COMPLETE - READY FOR HANCOCK!
================================================================================
================================================================================
AUTONOMOUS DEFENSE SYSTEM - DEMONSTRATION
================================================================================

SIMULATING SECURITY EVENTS...
  Collected 4 events

GENERATED 4 HANCOCK TRAINING RECORDS
Saved to: data/hancock/autonomous/autonomous_20260428_023646.jsonl
Enriched: data/hancock/autonomous/autonomous_20260428_023646_enriched.jsonl

QUALITY SCORE: 49.25
================================================================================
AUTONOMOUS DEFENSE COMPLETE - READY FOR HANCOCK!
================================================================================
================================================================================
AUTONOMOUS DEFENSE SYSTEM - DEMONSTRATION
================================================================================

SIMULATING SECURITY EVENTS...
  Collected 4 events

GENERATED 4 HANCOCK TRAINING RECORDS
Saved to: data/hancock/autonomous/autonomous_20260428_024146.jsonl
Enriched: data/hancock/autonomous/autonomous_20260428_024146_enriched.jsonl

QUALITY SCORE: 49.25
================================================================================
AUTONOMOUS DEFENSE COMPLETE - READY FOR HANCOCK!
================================================================================
================================================================================
AUTONOMOUS DEFENSE SYSTEM - DEMONSTRATION
================================================================================

SIMULATING SECURITY EVENTS...
  Collected 4 events

GENERATED 4 HANCOCK TRAINING RECORDS
Saved to: data/hancock/autonomous/autonomous_20260428_024646.jsonl
Enriched: data/hancock/autonomous/autonomous_20260428_024646_enriched.jsonl

QUALITY SCORE: 49.25
================================================================================
AUTONOMOUS DEFENSE COMPLETE - READY FOR HANCOCK!
================================================================================
================================================================================
AUTONOMOUS DEFENSE SYSTEM - DEMONSTRATION
================================================================================

SIMULATING SECURITY EVENTS...
  Collected 4 events

GENERATED 4 HANCOCK TRAINING RECORDS
Saved to: data/hancock/autonomous/autonomous_20260428_025146.jsonl
Enriched: data/hancock/autonomous/autonomous_20260428_025146_enriched.jsonl

QUALITY SCORE: 49.25
================================================================================
AUTONOMOUS DEFENSE COMPLETE - READY FOR HANCOCK!
================================================================================
================================================================================
AUTONOMOUS DEFENSE SYSTEM - DEMONSTRATION
================================================================================

SIMULATING SECURITY EVENTS...
  Collected 4 events

GENERATED 4 HANCOCK TRAINING RECORDS
Saved to: data/hancock/autonomous/autonomous_20260428_025646.jsonl
Enriched: data/hancock/autonomous/autonomous_20260428_025646_enriched.jsonl

QUALITY SCORE: 49.25
================================================================================
AUTONOMOUS DEFENSE COMPLETE - READY FOR HANCOCK!
================================================================================
================================================================================